{
  "RSpec": {
    "coverage": {
      "/Users/phillipkamps/turing/3module/sweater_weather/app/services/forecast_service.rb": {
        "lines": [
          1,
          1,
          1,
          1,
          null,
          1,
          null,
          null,
          null,
          1,
          null,
          1,
          1,
          null,
          null
        ]
      },
      "/Users/phillipkamps/turing/3module/sweater_weather/app/services/base_service.rb": {
        "lines": [
          1,
          1,
          1,
          1,
          null,
          null,
          1,
          1,
          null,
          null,
          null
        ]
      }
    },
    "timestamp": 1654973061
  }
}
